<?xml version="1.0" encoding="UTF-8" ?>
<testsuite tests="36" failures="3" name="TestSuite" time="7.966" errors="0" skipped="33">
  <properties>
[...]
</properties>
  <testcase classname="com.crm.qa.test.ContactsPageTest" name="setUp" time="4.247">
    <failure message="session not created: This version of ChromeDriver only supports Chrome version 78
Build info: version: &apos;3.141.59&apos;, revision: &apos;e82be7d358&apos;, time: &apos;2018-11-14T08:17:03&apos;
System info: host: &apos;DESKTOP-KU574QB&apos;, ip: &apos;192.168.1.164&apos;, os.name: &apos;Windows 10&apos;, os.arch: &apos;amd64&apos;, os.version: &apos;10.0&apos;, java.version: &apos;1.8.0_231&apos;
Driver info: driver.version: ChromeDriver
remote stacktrace: Backtrace:
	Ordinal0 [0x0086A923+1550627]
	Ordinal0 [0x007EA731+1025841]
	Ordinal0 [0x0076C715+509717]
	Ordinal0 [0x006FFC68+64616]
	Ordinal0 [0x006FC594+50580]
	Ordinal0 [0x0071ACE7+175335]
	Ordinal0 [0x0071A8ED+174317]
	Ordinal0 [0x00718CDB+167131]
	Ordinal0 [0x0070144A+70730]
	Ordinal0 [0x007024D0+74960]
	Ordinal0 [0x00702469+74857]
	Ordinal0 [0x008042F7+1131255]
	GetHandleVerifier [0x0090711D+523789]
	GetHandleVerifier [0x00906EB0+523168]
	GetHandleVerifier [0x0090E207+552695]
	GetHandleVerifier [0x0090791A+525834]
	Ordinal0 [0x007FB82C+1095724]
	Ordinal0 [0x0080636B+1139563]
	Ordinal0 [0x008064D3+1139923]
	Ordinal0 [0x00805455+1135701]
	BaseThreadInitThunk [0x76F36359+25]
	RtlGetAppContainerNamedObjectPath [0x77BE7B74+228]
	RtlGetAppContainerNamedObjectPath [0x77BE7B44+180]
" type="org.openqa.selenium.SessionNotCreatedException">org.openqa.selenium.SessionNotCreatedException: session not created: This version of ChromeDriver only supports Chrome version 78
Build info: version: &apos;3.141.59&apos;, revision: &apos;e82be7d358&apos;, time: &apos;2018-11-14T08:17:03&apos;
System info: host: &apos;DESKTOP-KU574QB&apos;, ip: &apos;192.168.1.164&apos;, os.name: &apos;Windows 10&apos;, os.arch: &apos;amd64&apos;, os.version: &apos;10.0&apos;, java.version: &apos;1.8.0_231&apos;
Driver info: driver.version: ChromeDriver
remote stacktrace: Backtrace:
	Ordinal0 [0x0086A923+1550627]
	Ordinal0 [0x007EA731+1025841]
	Ordinal0 [0x0076C715+509717]
	Ordinal0 [0x006FFC68+64616]
	Ordinal0 [0x006FC594+50580]
	Ordinal0 [0x0071ACE7+175335]
	Ordinal0 [0x0071A8ED+174317]
	Ordinal0 [0x00718CDB+167131]
	Ordinal0 [0x0070144A+70730]
	Ordinal0 [0x007024D0+74960]
	Ordinal0 [0x00702469+74857]
	Ordinal0 [0x008042F7+1131255]
	GetHandleVerifier [0x0090711D+523789]
	GetHandleVerifier [0x00906EB0+523168]
	GetHandleVerifier [0x0090E207+552695]
	GetHandleVerifier [0x0090791A+525834]
	Ordinal0 [0x007FB82C+1095724]
	Ordinal0 [0x0080636B+1139563]
	Ordinal0 [0x008064D3+1139923]
	Ordinal0 [0x00805455+1135701]
	BaseThreadInitThunk [0x76F36359+25]
	RtlGetAppContainerNamedObjectPath [0x77BE7B74+228]
	RtlGetAppContainerNamedObjectPath [0x77BE7B44+180]

	at sun.reflect.NativeConstructorAccessorImpl.newInstance0(Native Method)
	at sun.reflect.NativeConstructorAccessorImpl.newInstance(NativeConstructorAccessorImpl.java:62)
	at sun.reflect.DelegatingConstructorAccessorImpl.newInstance(DelegatingConstructorAccessorImpl.java:45)
	at java.lang.reflect.Constructor.newInstance(Constructor.java:423)
	at org.openqa.selenium.remote.W3CHandshakeResponse.lambda$errorHandler$0(W3CHandshakeResponse.java:62)
	at org.openqa.selenium.remote.HandshakeResponse.lambda$getResponseFunction$0(HandshakeResponse.java:30)
	at org.openqa.selenium.remote.ProtocolHandshake.lambda$createSession$0(ProtocolHandshake.java:126)
	at java.util.stream.ReferencePipeline$3$1.accept(ReferencePipeline.java:193)
	at java.util.Spliterators$ArraySpliterator.tryAdvance(Spliterators.java:958)
	at java.util.stream.ReferencePipeline.forEachWithCancel(ReferencePipeline.java:126)
	at java.util.stream.AbstractPipeline.copyIntoWithCancel(AbstractPipeline.java:499)
	at java.util.stream.AbstractPipeline.copyInto(AbstractPipeline.java:486)
	at java.util.stream.AbstractPipeline.wrapAndCopyInto(AbstractPipeline.java:472)
	at java.util.stream.FindOps$FindOp.evaluateSequential(FindOps.java:152)
	at java.util.stream.AbstractPipeline.evaluate(AbstractPipeline.java:234)
	at java.util.stream.ReferencePipeline.findFirst(ReferencePipeline.java:464)
	at org.openqa.selenium.remote.ProtocolHandshake.createSession(ProtocolHandshake.java:128)
	at org.openqa.selenium.remote.ProtocolHandshake.createSession(ProtocolHandshake.java:74)
	at org.openqa.selenium.remote.HttpCommandExecutor.execute(HttpCommandExecutor.java:136)
	at org.openqa.selenium.remote.service.DriverCommandExecutor.execute(DriverCommandExecutor.java:83)
	at org.openqa.selenium.remote.RemoteWebDriver.execute(RemoteWebDriver.java:552)
	at org.openqa.selenium.remote.RemoteWebDriver.startSession(RemoteWebDriver.java:213)
	at org.openqa.selenium.remote.RemoteWebDriver.&lt;init&gt;(RemoteWebDriver.java:131)
	at org.openqa.selenium.chrome.ChromeDriver.&lt;init&gt;(ChromeDriver.java:181)
	at org.openqa.selenium.chrome.ChromeDriver.&lt;init&gt;(ChromeDriver.java:168)
	at org.openqa.selenium.chrome.ChromeDriver.&lt;init&gt;(ChromeDriver.java:123)
	at com.crm.qa.base.TestBase.initialization(TestBase.java:65)
	at com.crm.qa.test.ContactsPageTest.setUp(ContactsPageTest.java:32)
</failure>
    <system-out>Configuring TestNG with: org.apache.maven.surefire.testng.conf.TestNG652Configurator@2437c6dc
</system-out>
    <system-err>Starting ChromeDriver 78.0.3904.105 (60e2d8774a8151efa6a00b1f358371b1e0e07ee2-refs/branch-heads/3904@{#877}) on port 2928
Only local connections are allowed.
Please protect ports used by ChromeDriver and related test frameworks to prevent access by malicious code.
</system-err>
  </testcase>
  <testcase classname="com.crm.qa.test.ContactsPageTest" name="verifyContactsLabel" time="0">
    <skipped/>
  </testcase>
  <testcase classname="com.crm.qa.test.ContactsPageTest" name="tearDown" time="0">
    <skipped/>
  </testcase>
  <testcase classname="com.crm.qa.test.HomePageTest" name="setUp" time="1.316">
    <failure message="session not created: This version of ChromeDriver only supports Chrome version 78
Build info: version: &apos;3.141.59&apos;, revision: &apos;e82be7d358&apos;, time: &apos;2018-11-14T08:17:03&apos;
System info: host: &apos;DESKTOP-KU574QB&apos;, ip: &apos;192.168.1.164&apos;, os.name: &apos;Windows 10&apos;, os.arch: &apos;amd64&apos;, os.version: &apos;10.0&apos;, java.version: &apos;1.8.0_231&apos;
Driver info: driver.version: ChromeDriver
remote stacktrace: Backtrace:
	Ordinal0 [0x0086A923+1550627]
	Ordinal0 [0x007EA731+1025841]
	Ordinal0 [0x0076C715+509717]
	Ordinal0 [0x006FFC68+64616]
	Ordinal0 [0x006FC594+50580]
	Ordinal0 [0x0071ACE7+175335]
	Ordinal0 [0x0071A8ED+174317]
	Ordinal0 [0x00718CDB+167131]
	Ordinal0 [0x0070144A+70730]
	Ordinal0 [0x007024D0+74960]
	Ordinal0 [0x00702469+74857]
	Ordinal0 [0x008042F7+1131255]
	GetHandleVerifier [0x0090711D+523789]
	GetHandleVerifier [0x00906EB0+523168]
	GetHandleVerifier [0x0090E207+552695]
	GetHandleVerifier [0x0090791A+525834]
	Ordinal0 [0x007FB82C+1095724]
	Ordinal0 [0x0080636B+1139563]
	Ordinal0 [0x008064D3+1139923]
	Ordinal0 [0x00805455+1135701]
	BaseThreadInitThunk [0x76F36359+25]
	RtlGetAppContainerNamedObjectPath [0x77BE7B74+228]
	RtlGetAppContainerNamedObjectPath [0x77BE7B44+180]
" type="org.openqa.selenium.SessionNotCreatedException">org.openqa.selenium.SessionNotCreatedException: session not created: This version of ChromeDriver only supports Chrome version 78
Build info: version: &apos;3.141.59&apos;, revision: &apos;e82be7d358&apos;, time: &apos;2018-11-14T08:17:03&apos;
System info: host: &apos;DESKTOP-KU574QB&apos;, ip: &apos;192.168.1.164&apos;, os.name: &apos;Windows 10&apos;, os.arch: &apos;amd64&apos;, os.version: &apos;10.0&apos;, java.version: &apos;1.8.0_231&apos;
Driver info: driver.version: ChromeDriver
remote stacktrace: Backtrace:
	Ordinal0 [0x0086A923+1550627]
	Ordinal0 [0x007EA731+1025841]
	Ordinal0 [0x0076C715+509717]
	Ordinal0 [0x006FFC68+64616]
	Ordinal0 [0x006FC594+50580]
	Ordinal0 [0x0071ACE7+175335]
	Ordinal0 [0x0071A8ED+174317]
	Ordinal0 [0x00718CDB+167131]
	Ordinal0 [0x0070144A+70730]
	Ordinal0 [0x007024D0+74960]
	Ordinal0 [0x00702469+74857]
	Ordinal0 [0x008042F7+1131255]
	GetHandleVerifier [0x0090711D+523789]
	GetHandleVerifier [0x00906EB0+523168]
	GetHandleVerifier [0x0090E207+552695]
	GetHandleVerifier [0x0090791A+525834]
	Ordinal0 [0x007FB82C+1095724]
	Ordinal0 [0x0080636B+1139563]
	Ordinal0 [0x008064D3+1139923]
	Ordinal0 [0x00805455+1135701]
	BaseThreadInitThunk [0x76F36359+25]
	RtlGetAppContainerNamedObjectPath [0x77BE7B74+228]
	RtlGetAppContainerNamedObjectPath [0x77BE7B44+180]

	at sun.reflect.NativeConstructorAccessorImpl.newInstance0(Native Method)
	at sun.reflect.NativeConstructorAccessorImpl.newInstance(NativeConstructorAccessorImpl.java:62)
	at sun.reflect.DelegatingConstructorAccessorImpl.newInstance(DelegatingConstructorAccessorImpl.java:45)
	at java.lang.reflect.Constructor.newInstance(Constructor.java:423)
	at org.openqa.selenium.remote.W3CHandshakeResponse.lambda$errorHandler$0(W3CHandshakeResponse.java:62)
	at org.openqa.selenium.remote.HandshakeResponse.lambda$getResponseFunction$0(HandshakeResponse.java:30)
	at org.openqa.selenium.remote.ProtocolHandshake.lambda$createSession$0(ProtocolHandshake.java:126)
	at java.util.stream.ReferencePipeline$3$1.accept(ReferencePipeline.java:193)
	at java.util.Spliterators$ArraySpliterator.tryAdvance(Spliterators.java:958)
	at java.util.stream.ReferencePipeline.forEachWithCancel(ReferencePipeline.java:126)
	at java.util.stream.AbstractPipeline.copyIntoWithCancel(AbstractPipeline.java:499)
	at java.util.stream.AbstractPipeline.copyInto(AbstractPipeline.java:486)
	at java.util.stream.AbstractPipeline.wrapAndCopyInto(AbstractPipeline.java:472)
	at java.util.stream.FindOps$FindOp.evaluateSequential(FindOps.java:152)
	at java.util.stream.AbstractPipeline.evaluate(AbstractPipeline.java:234)
	at java.util.stream.ReferencePipeline.findFirst(ReferencePipeline.java:464)
	at org.openqa.selenium.remote.ProtocolHandshake.createSession(ProtocolHandshake.java:128)
	at org.openqa.selenium.remote.ProtocolHandshake.createSession(ProtocolHandshake.java:74)
	at org.openqa.selenium.remote.HttpCommandExecutor.execute(HttpCommandExecutor.java:136)
	at org.openqa.selenium.remote.service.DriverCommandExecutor.execute(DriverCommandExecutor.java:83)
	at org.openqa.selenium.remote.RemoteWebDriver.execute(RemoteWebDriver.java:552)
	at org.openqa.selenium.remote.RemoteWebDriver.startSession(RemoteWebDriver.java:213)
	at org.openqa.selenium.remote.RemoteWebDriver.&lt;init&gt;(RemoteWebDriver.java:131)
	at org.openqa.selenium.chrome.ChromeDriver.&lt;init&gt;(ChromeDriver.java:181)
	at org.openqa.selenium.chrome.ChromeDriver.&lt;init&gt;(ChromeDriver.java:168)
	at org.openqa.selenium.chrome.ChromeDriver.&lt;init&gt;(ChromeDriver.java:123)
	at com.crm.qa.base.TestBase.initialization(TestBase.java:65)
	at com.crm.qa.test.HomePageTest.setUp(HomePageTest.java:30)
</failure>
    <system-err>Starting ChromeDriver 78.0.3904.105 (60e2d8774a8151efa6a00b1f358371b1e0e07ee2-refs/branch-heads/3904@{#877}) on port 41172
Only local connections are allowed.
Please protect ports used by ChromeDriver and related test frameworks to prevent access by malicious code.
</system-err>
  </testcase>
  <testcase classname="com.crm.qa.test.HomePageTest" name="verifyHomePageTitle" time="0">
    <skipped/>
  </testcase>
  <testcase classname="com.crm.qa.test.HomePageTest" name="tearDown" time="0">
    <skipped/>
  </testcase>
  <testcase classname="com.crm.qa.test.LoginPageTest" name="setUp" time="1.499">
    <failure message="session not created: This version of ChromeDriver only supports Chrome version 78
Build info: version: &apos;3.141.59&apos;, revision: &apos;e82be7d358&apos;, time: &apos;2018-11-14T08:17:03&apos;
System info: host: &apos;DESKTOP-KU574QB&apos;, ip: &apos;192.168.1.164&apos;, os.name: &apos;Windows 10&apos;, os.arch: &apos;amd64&apos;, os.version: &apos;10.0&apos;, java.version: &apos;1.8.0_231&apos;
Driver info: driver.version: ChromeDriver
remote stacktrace: Backtrace:
	Ordinal0 [0x0086A923+1550627]
	Ordinal0 [0x007EA731+1025841]
	Ordinal0 [0x0076C715+509717]
	Ordinal0 [0x006FFC68+64616]
	Ordinal0 [0x006FC594+50580]
	Ordinal0 [0x0071ACE7+175335]
	Ordinal0 [0x0071A8ED+174317]
	Ordinal0 [0x00718CDB+167131]
	Ordinal0 [0x0070144A+70730]
	Ordinal0 [0x007024D0+74960]
	Ordinal0 [0x00702469+74857]
	Ordinal0 [0x008042F7+1131255]
	GetHandleVerifier [0x0090711D+523789]
	GetHandleVerifier [0x00906EB0+523168]
	GetHandleVerifier [0x0090E207+552695]
	GetHandleVerifier [0x0090791A+525834]
	Ordinal0 [0x007FB82C+1095724]
	Ordinal0 [0x0080636B+1139563]
	Ordinal0 [0x008064D3+1139923]
	Ordinal0 [0x00805455+1135701]
	BaseThreadInitThunk [0x76F36359+25]
	RtlGetAppContainerNamedObjectPath [0x77BE7B74+228]
	RtlGetAppContainerNamedObjectPath [0x77BE7B44+180]
" type="org.openqa.selenium.SessionNotCreatedException">org.openqa.selenium.SessionNotCreatedException: session not created: This version of ChromeDriver only supports Chrome version 78
Build info: version: &apos;3.141.59&apos;, revision: &apos;e82be7d358&apos;, time: &apos;2018-11-14T08:17:03&apos;
System info: host: &apos;DESKTOP-KU574QB&apos;, ip: &apos;192.168.1.164&apos;, os.name: &apos;Windows 10&apos;, os.arch: &apos;amd64&apos;, os.version: &apos;10.0&apos;, java.version: &apos;1.8.0_231&apos;
Driver info: driver.version: ChromeDriver
remote stacktrace: Backtrace:
	Ordinal0 [0x0086A923+1550627]
	Ordinal0 [0x007EA731+1025841]
	Ordinal0 [0x0076C715+509717]
	Ordinal0 [0x006FFC68+64616]
	Ordinal0 [0x006FC594+50580]
	Ordinal0 [0x0071ACE7+175335]
	Ordinal0 [0x0071A8ED+174317]
	Ordinal0 [0x00718CDB+167131]
	Ordinal0 [0x0070144A+70730]
	Ordinal0 [0x007024D0+74960]
	Ordinal0 [0x00702469+74857]
	Ordinal0 [0x008042F7+1131255]
	GetHandleVerifier [0x0090711D+523789]
	GetHandleVerifier [0x00906EB0+523168]
	GetHandleVerifier [0x0090E207+552695]
	GetHandleVerifier [0x0090791A+525834]
	Ordinal0 [0x007FB82C+1095724]
	Ordinal0 [0x0080636B+1139563]
	Ordinal0 [0x008064D3+1139923]
	Ordinal0 [0x00805455+1135701]
	BaseThreadInitThunk [0x76F36359+25]
	RtlGetAppContainerNamedObjectPath [0x77BE7B74+228]
	RtlGetAppContainerNamedObjectPath [0x77BE7B44+180]

	at sun.reflect.NativeConstructorAccessorImpl.newInstance0(Native Method)
	at sun.reflect.NativeConstructorAccessorImpl.newInstance(NativeConstructorAccessorImpl.java:62)
	at sun.reflect.DelegatingConstructorAccessorImpl.newInstance(DelegatingConstructorAccessorImpl.java:45)
	at java.lang.reflect.Constructor.newInstance(Constructor.java:423)
	at org.openqa.selenium.remote.W3CHandshakeResponse.lambda$errorHandler$0(W3CHandshakeResponse.java:62)
	at org.openqa.selenium.remote.HandshakeResponse.lambda$getResponseFunction$0(HandshakeResponse.java:30)
	at org.openqa.selenium.remote.ProtocolHandshake.lambda$createSession$0(ProtocolHandshake.java:126)
	at java.util.stream.ReferencePipeline$3$1.accept(ReferencePipeline.java:193)
	at java.util.Spliterators$ArraySpliterator.tryAdvance(Spliterators.java:958)
	at java.util.stream.ReferencePipeline.forEachWithCancel(ReferencePipeline.java:126)
	at java.util.stream.AbstractPipeline.copyIntoWithCancel(AbstractPipeline.java:499)
	at java.util.stream.AbstractPipeline.copyInto(AbstractPipeline.java:486)
	at java.util.stream.AbstractPipeline.wrapAndCopyInto(AbstractPipeline.java:472)
	at java.util.stream.FindOps$FindOp.evaluateSequential(FindOps.java:152)
	at java.util.stream.AbstractPipeline.evaluate(AbstractPipeline.java:234)
	at java.util.stream.ReferencePipeline.findFirst(ReferencePipeline.java:464)
	at org.openqa.selenium.remote.ProtocolHandshake.createSession(ProtocolHandshake.java:128)
	at org.openqa.selenium.remote.ProtocolHandshake.createSession(ProtocolHandshake.java:74)
	at org.openqa.selenium.remote.HttpCommandExecutor.execute(HttpCommandExecutor.java:136)
	at org.openqa.selenium.remote.service.DriverCommandExecutor.execute(DriverCommandExecutor.java:83)
	at org.openqa.selenium.remote.RemoteWebDriver.execute(RemoteWebDriver.java:552)
	at org.openqa.selenium.remote.RemoteWebDriver.startSession(RemoteWebDriver.java:213)
	at org.openqa.selenium.remote.RemoteWebDriver.&lt;init&gt;(RemoteWebDriver.java:131)
	at org.openqa.selenium.chrome.ChromeDriver.&lt;init&gt;(ChromeDriver.java:181)
	at org.openqa.selenium.chrome.ChromeDriver.&lt;init&gt;(ChromeDriver.java:168)
	at org.openqa.selenium.chrome.ChromeDriver.&lt;init&gt;(ChromeDriver.java:123)
	at com.crm.qa.base.TestBase.initialization(TestBase.java:65)
	at com.crm.qa.test.LoginPageTest.setUp(LoginPageTest.java:25)
</failure>
    <system-err>Starting ChromeDriver 78.0.3904.105 (60e2d8774a8151efa6a00b1f358371b1e0e07ee2-refs/branch-heads/3904@{#877}) on port 19449
Only local connections are allowed.
Please protect ports used by ChromeDriver and related test frameworks to prevent access by malicious code.
</system-err>
  </testcase>
  <testcase classname="com.crm.qa.test.LoginPageTest" name="loginPageTitleTest" time="0">
    <skipped/>
  </testcase>
  <testcase classname="com.crm.qa.test.LoginPageTest" name="tearDown" time="0">
    <skipped/>
  </testcase>
  <testcase classname="com.crm.qa.test.ContactsPageTest" name="setUp" time="0">
    <skipped/>
  </testcase>
  <testcase classname="com.crm.qa.test.ContactsPageTest" name="selectSingleContactsByNameTest" time="0">
    <skipped/>
  </testcase>
  <testcase classname="com.crm.qa.test.ContactsPageTest" name="tearDown" time="0">
    <skipped/>
  </testcase>
  <testcase classname="com.crm.qa.test.HomePageTest" name="setUp" time="0.004">
    <skipped/>
  </testcase>
  <testcase classname="com.crm.qa.test.HomePageTest" name="verifyUserNameTest" time="0">
    <skipped/>
  </testcase>
  <testcase classname="com.crm.qa.test.HomePageTest" name="tearDown" time="0">
    <skipped/>
  </testcase>
  <testcase classname="com.crm.qa.test.LoginPageTest" name="setUp" time="0">
    <skipped/>
  </testcase>
  <testcase classname="com.crm.qa.test.LoginPageTest" name="crmLogoImageTest" time="0">
    <skipped/>
  </testcase>
  <testcase classname="com.crm.qa.test.LoginPageTest" name="tearDown" time="0">
    <skipped/>
  </testcase>
  <testcase classname="com.crm.qa.test.ContactsPageTest" name="setUp" time="0">
    <skipped/>
  </testcase>
  <testcase classname="com.crm.qa.test.ContactsPageTest" name="selectMultipleContactsByNameTest" time="0">
    <skipped/>
  </testcase>
  <testcase classname="com.crm.qa.test.ContactsPageTest" name="tearDown" time="0">
    <skipped/>
  </testcase>
  <testcase classname="com.crm.qa.test.HomePageTest" name="setUp" time="0.004">
    <skipped/>
  </testcase>
  <testcase classname="com.crm.qa.test.HomePageTest" name="verifyContactslinkTest" time="0">
    <skipped/>
  </testcase>
  <testcase classname="com.crm.qa.test.HomePageTest" name="tearDown" time="0">
    <skipped/>
  </testcase>
  <testcase classname="com.crm.qa.test.LoginPageTest" name="setUp" time="0.004">
    <skipped/>
  </testcase>
  <testcase classname="com.crm.qa.test.LoginPageTest" name="loginTest" time="0">
    <skipped/>
  </testcase>
  <testcase classname="com.crm.qa.test.LoginPageTest" name="tearDown" time="0">
    <skipped/>
  </testcase>
  <testcase classname="com.crm.qa.test.ContactsPageTest" name="setUp" time="0.892">
    <skipped/>
  </testcase>
  <testcase classname="com.crm.qa.test.ContactsPageTest" name="validateCreateNewContact" time="0">
    <skipped/>
  </testcase>
  <testcase classname="com.crm.qa.test.ContactsPageTest" name="tearDown" time="0">
    <skipped/>
  </testcase>
  <testcase classname="com.crm.qa.test.ContactsPageTest" name="setUp" time="0">
    <skipped/>
  </testcase>
  <testcase classname="com.crm.qa.test.ContactsPageTest" name="validateCreateNewContact" time="0">
    <skipped/>
  </testcase>
  <testcase classname="com.crm.qa.test.ContactsPageTest" name="tearDown" time="0">
    <skipped/>
  </testcase>
  <testcase classname="com.crm.qa.test.ContactsPageTest" name="setUp" time="0">
    <skipped/>
  </testcase>
  <testcase classname="com.crm.qa.test.ContactsPageTest" name="validateCreateNewContact" time="0">
    <skipped/>
  </testcase>
  <testcase classname="com.crm.qa.test.ContactsPageTest" name="tearDown" time="0">
    <skipped/>
  </testcase>
</testsuite>