<?xml version="1.0" encoding="UTF-8"?>
<!-- Generated by org.testng.reporters.JUnitXMLReporter -->
<testsuite hostname="DESKTOP-KU574QB" ignored="0" name="Default test" tests="3" failures="0" timestamp="2020-03-20T17:39:32 EDT" time="61.359" errors="0">
  <testcase name="verifyHomePageTitle" time="0.04" classname="com.crm.qa.test.HomePageTest"/>
  <testcase name="verifyUserNameTest" time="0.217" classname="com.crm.qa.test.HomePageTest"/>
  <testcase name="verifyContactslinkTest" time="1.398" classname="com.crm.qa.test.HomePageTest"/>
</testsuite> <!-- Default test -->
