<?xml version="1.0" encoding="UTF-8"?>
<!-- Generated by org.testng.reporters.JUnitXMLReporter -->
<testsuite hostname="DESKTOP-KU574QB" name="Default test" tests="5" failures="0" timestamp="23 Mar 2020 14:26:21 GMT" time="124.329" errors="0">
  <testcase name="addNewContact" time="4.543" classname="TestClass.ContactPageTest"/>
  <testcase name="addNewContact" time="3.651" classname="TestClass.ContactPageTest"/>
  <testcase name="addNewContact" time="5.008" classname="TestClass.ContactPageTest"/>
  <testcase name="addNewContact" time="4.93" classname="TestClass.ContactPageTest"/>
  <testcase name="addNewContact" time="6.915" classname="TestClass.ContactPageTest"/>
</testsuite> <!-- Default test -->
