<?xml version="1.0" encoding="UTF-8"?>
<!-- Generated by org.testng.reporters.JUnitXMLReporter -->
<testsuite hostname="DESKTOP-KU574QB" name="Command line test" tests="12" failures="0" timestamp="23 Mar 2020 17:13:59 GMT" time="324.496" errors="0">
  <testcase name="addNewContact" time="20.703" classname="TestClass.ContactPageTest"/>
  <testcase name="addNewContact" time="5.011" classname="TestClass.ContactPageTest"/>
  <testcase name="addNewContact" time="4.268" classname="TestClass.ContactPageTest"/>
  <testcase name="addNewContact" time="5.784" classname="TestClass.ContactPageTest"/>
  <testcase name="addNewContact" time="4.792" classname="TestClass.ContactPageTest"/>
  <testcase name="newdealclick" time="3.589" classname="TestClass.DealsPageTest"/>
  <testcase name="sendDataToDeal" time="3.861" classname="TestClass.DealsPageTest"/>
  <testcase name="sendDataToDeal" time="3.857" classname="TestClass.DealsPageTest"/>
  <testcase name="sendDataToDeal" time="3.091" classname="TestClass.DealsPageTest"/>
  <testcase name="loginTest" time="7.219" classname="TestClass.LoginPageTest"/>
  <testcase name="checklogo" time="0.035" classname="TestClass.HomePageTest"/>
  <testcase name="clickdeals" time="2.253" classname="TestClass.HomePageTest"/>
</testsuite> <!-- Command line test -->
