<?xml version="1.0" encoding="UTF-8"?>
<testng-results skipped="0" failed="0" ignored="0" total="3" passed="3">
  <reporter-output>
  </reporter-output>
  <suite name="Default suite" duration-ms="61359" started-at="2020-03-20T17:38:31 EDT" finished-at="2020-03-20T17:39:32 EDT">
    <groups>
    </groups>
    <test name="Default test" duration-ms="61359" started-at="2020-03-20T17:38:31 EDT" finished-at="2020-03-20T17:39:32 EDT">
      <class name="com.crm.qa.test.HomePageTest">
        <test-method status="PASS" signature="setUp()[pri:0, instance:com.crm.qa.test.HomePageTest@56aac163]" name="setUp" is-config="true" duration-ms="19784" started-at="2020-03-20T17:38:31 EDT" finished-at="2020-03-20T17:38:51 EDT">
          <reporter-output>
          </reporter-output>
        </test-method> <!-- setUp -->
        <test-method status="PASS" signature="verifyHomePageTitle()[pri:1, instance:com.crm.qa.test.HomePageTest@56aac163]" name="verifyHomePageTitle" duration-ms="40" started-at="2020-03-20T17:38:51 EDT" finished-at="2020-03-20T17:38:51 EDT">
          <reporter-output>
          </reporter-output>
        </test-method> <!-- verifyHomePageTitle -->
        <test-method status="PASS" signature="tearDown()[pri:0, instance:com.crm.qa.test.HomePageTest@56aac163]" name="tearDown" is-config="true" duration-ms="883" started-at="2020-03-20T17:38:51 EDT" finished-at="2020-03-20T17:38:51 EDT">
          <reporter-output>
          </reporter-output>
        </test-method> <!-- tearDown -->
        <test-method status="PASS" signature="setUp()[pri:0, instance:com.crm.qa.test.HomePageTest@56aac163]" name="setUp" is-config="true" duration-ms="19286" started-at="2020-03-20T17:38:51 EDT" finished-at="2020-03-20T17:39:11 EDT">
          <reporter-output>
          </reporter-output>
        </test-method> <!-- setUp -->
        <test-method status="PASS" signature="verifyUserNameTest()[pri:2, instance:com.crm.qa.test.HomePageTest@56aac163]" name="verifyUserNameTest" duration-ms="217" started-at="2020-03-20T17:39:11 EDT" finished-at="2020-03-20T17:39:11 EDT">
          <reporter-output>
          </reporter-output>
        </test-method> <!-- verifyUserNameTest -->
        <test-method status="PASS" signature="tearDown()[pri:0, instance:com.crm.qa.test.HomePageTest@56aac163]" name="tearDown" is-config="true" duration-ms="873" started-at="2020-03-20T17:39:11 EDT" finished-at="2020-03-20T17:39:12 EDT">
          <reporter-output>
          </reporter-output>
        </test-method> <!-- tearDown -->
        <test-method status="PASS" signature="setUp()[pri:0, instance:com.crm.qa.test.HomePageTest@56aac163]" name="setUp" is-config="true" duration-ms="17904" started-at="2020-03-20T17:39:12 EDT" finished-at="2020-03-20T17:39:30 EDT">
          <reporter-output>
          </reporter-output>
        </test-method> <!-- setUp -->
        <test-method status="PASS" signature="verifyContactslinkTest()[pri:3, instance:com.crm.qa.test.HomePageTest@56aac163]" name="verifyContactslinkTest" duration-ms="1398" started-at="2020-03-20T17:39:30 EDT" finished-at="2020-03-20T17:39:31 EDT">
          <reporter-output>
          </reporter-output>
        </test-method> <!-- verifyContactslinkTest -->
        <test-method status="PASS" signature="tearDown()[pri:0, instance:com.crm.qa.test.HomePageTest@56aac163]" name="tearDown" is-config="true" duration-ms="919" started-at="2020-03-20T17:39:31 EDT" finished-at="2020-03-20T17:39:32 EDT">
          <reporter-output>
          </reporter-output>
        </test-method> <!-- tearDown -->
      </class> <!-- com.crm.qa.test.HomePageTest -->
    </test> <!-- Default test -->
  </suite> <!-- Default suite -->
</testng-results>
